#
# There is insufficient memory for the Java Runtime Environment to continue.
# Native memory allocation (mmap) failed to map 113246208 bytes for committing reserved memory.
# Possible reasons:
#   The system is out of physical RAM or swap space
#   In 32 bit mode, the process size limit was hit
# Possible solutions:
#   Reduce memory load on the system
#   Increase physical memory or swap space
#   Check if swap backing store is full
#   Use 64 bit Java on a 64 bit OS
#   Decrease Java heap size (-Xmx/-Xms)
#   Decrease number of Java threads
#   Decrease Java thread stack sizes (-Xss)
#   Set larger code cache with -XX:ReservedCodeCacheSize=
# This output file may be truncated or incomplete.
#
#  Out of Memory Error (os_linux.cpp:2627), pid=24560, tid=0x00007f74889c6700
#
# JRE version: OpenJDK Runtime Environment (8.0_76-b03) (build 1.8.0_76-release-b03)
# Java VM: OpenJDK 64-Bit Server VM (25.76-b03 mixed mode linux-amd64 compressed oops)
# Failed to write core dump. Core dumps have been disabled. To enable core dumping, try "ulimit -c unlimited" before starting Java again
#

---------------  T H R E A D  ---------------

Current thread (0x00007f749c077800):  VMThread [stack: 0x00007f74888c6000,0x00007f74889c7000] [id=24587]

Stack: [0x00007f74888c6000,0x00007f74889c7000],  sp=0x00007f74889c54c0,  free space=1021k
Native frames: (J=compiled Java code, j=interpreted, Vv=VM code, C=native code)
V  [libjvm.so+0x9d9fcd]  VMError::report_and_die()+0x15d
V  [libjvm.so+0x4b4d4a]  report_vm_out_of_memory(char const*, int, unsigned long, VMErrorType, char const*)+0x8a
V  [libjvm.so+0x845190]  os::pd_commit_memory(char*, unsigned long, unsigned long, bool)+0xf0
V  [libjvm.so+0x83fcbf]  os::commit_memory(char*, unsigned long, unsigned long, bool)+0x1f
V  [libjvm.so+0x8b4d9b]  PSVirtualSpace::expand_by(unsigned long)+0x5b
V  [libjvm.so+0x8b5a10]  PSYoungGen::resize_generation(unsigned long, unsigned long)+0xb0
V  [libjvm.so+0x8b5d2b]  PSYoungGen::resize(unsigned long, unsigned long)+0x1b
V  [libjvm.so+0x8b241c]  PSScavenge::invoke_no_policy()+0xdac
V  [libjvm.so+0x8b2bf8]  PSScavenge::invoke()+0x38
V  [libjvm.so+0x8681f3]  ParallelScavengeHeap::failed_mem_allocate(unsigned long)+0x63
V  [libjvm.so+0x9dba94]  VM_ParallelGCFailedAllocation::doit()+0x84
V  [libjvm.so+0x9dfe47]  VM_Operation::evaluate()+0x47
V  [libjvm.so+0x9de908]  VMThread::evaluate_operation(VM_Operation*)+0x2c8
V  [libjvm.so+0x9ded89]  VMThread::loop()+0x219
V  [libjvm.so+0x9df1d2]  VMThread::run()+0x72
V  [libjvm.so+0x8425b2]  java_start(Thread*)+0xf2

VM_Operation (0x00007f74a2f83a90): ParallelGCFailedAllocation, mode: safepoint, requested by thread 0x00007f749c00a000


---------------  P R O C E S S  ---------------

Java Threads: ( => current thread )
  0x00007f749c174800 JavaThread "pool-1-thread-4" [_thread_blocked, id=24641, stack(0x00007f74637f8000,0x00007f74638f9000)]
  0x00007f749c172800 JavaThread "pool-1-thread-3" [_thread_blocked, id=24640, stack(0x00007f74638f9000,0x00007f74639fa000)]
  0x00007f749c15c800 JavaThread "pool-1-thread-2" [_thread_blocked, id=24639, stack(0x00007f74639fa000,0x00007f7463afb000)]
  0x00007f749c16e800 JavaThread "pool-2-thread-1" [_thread_blocked, id=24638, stack(0x00007f7463afb000,0x00007f7463bfc000)]
  0x00007f749c16c800 JavaThread "pool-1-thread-1" [_thread_blocked, id=24637, stack(0x00007f7463bfc000,0x00007f7463cfd000)]
  0x00007f749c0c7800 JavaThread "Service Thread" daemon [_thread_blocked, id=24610, stack(0x00007f7463dfe000,0x00007f7463eff000)]
  0x00007f749c0bc800 JavaThread "C1 CompilerThread2" daemon [_thread_blocked, id=24609, stack(0x00007f7463eff000,0x00007f7464000000)]
  0x00007f749c0ba800 JavaThread "C2 CompilerThread1" daemon [_thread_blocked, id=24608, stack(0x00007f74880e9000,0x00007f74881ea000)]
  0x00007f749c0b7800 JavaThread "C2 CompilerThread0" daemon [_thread_blocked, id=24607, stack(0x00007f74881ea000,0x00007f74882eb000)]
  0x00007f749c0b6800 JavaThread "Signal Dispatcher" daemon [_thread_blocked, id=24606, stack(0x00007f74882eb000,0x00007f74883ec000)]
  0x00007f749c083800 JavaThread "Finalizer" daemon [_thread_blocked, id=24595, stack(0x00007f74886c4000,0x00007f74887c5000)]
  0x00007f749c07f000 JavaThread "Reference Handler" daemon [_thread_blocked, id=24594, stack(0x00007f74887c5000,0x00007f74888c6000)]
  0x00007f749c00a000 JavaThread "main" [_thread_blocked, id=24567, stack(0x00007f74a2e85000,0x00007f74a2f86000)]

Other Threads:
=>0x00007f749c077800 VMThread [stack: 0x00007f74888c6000,0x00007f74889c7000] [id=24587]
  0x00007f749c0ca000 WatcherThread [stack: 0x00007f7463cfd000,0x00007f7463dfe000] [id=24611]

VM state:at safepoint (normal execution)

VM Mutex/Monitor currently owned by a thread:  ([mutex/lock_event])
[0x00007f749c006640] Threads_lock - owner thread: 0x00007f749c077800
[0x00007f749c006b40] Heap_lock - owner thread: 0x00007f749c00a000

Heap:
 PSYoungGen      total 108544K, used 13302K [0x00000000eab00000, 0x00000000f2300000, 0x0000000100000000)
  eden space 95232K, 0% used [0x00000000eab00000,0x00000000eab00000,0x00000000f0800000)
  from space 13312K, 99% used [0x00000000f0800000,0x00000000f14fdbc0,0x00000000f1500000)
  to   space 12288K, 0% used [0x00000000f1500000,0x00000000f1500000,0x00000000f2100000)
 ParOldGen       total 62976K, used 29781K [0x00000000c0000000, 0x00000000c3d80000, 0x00000000eab00000)
  object space 62976K, 47% used [0x00000000c0000000,0x00000000c1d15680,0x00000000c3d80000)
 Metaspace       used 6199K, capacity 7152K, committed 7296K, reserved 1056768K
  class space    used 585K, capacity 616K, committed 640K, reserved 1048576K

Card table byte_map: [0x00007f748ca3f000,0x00007f748cc40000] byte_map_base: 0x00007f748c43f000

Marking Bits: (ParMarkBitMap*) 0x00007f74a235a1a0
 Begin Bits: [0x00007f748a4e5000, 0x00007f748b4e5000)
 End Bits:   [0x00007f748b4e5000, 0x00007f748c4e5000)

Polling page: 0x00007f74a2faa000

CodeCache: size=245760Kb used=6974Kb max_used=6986Kb free=238785Kb
 bounds [0x00007f748d000000, 0x00007f748d6e0000, 0x00007f749c000000]
 total_blobs=2072 nmethods=1805 adapters=182
 compilation: enabled

Compilation events (10 events):
Event: 24.667 Thread 0x00007f749c0ba800 nmethod 2054 0x00007f748d6c66d0 code [0x00007f748d6c6880, 0x00007f748d6c7378]
Event: 24.667 Thread 0x00007f749c0ba800 2119   !   4       com.android.dx.cf.code.BaseMachine::arg (36 bytes)
Event: 24.668 Thread 0x00007f749c0ba800 nmethod 2119 0x00007f748d6a5490 code [0x00007f748d6a55e0, 0x00007f748d6a5698]
Event: 24.668 Thread 0x00007f749c0ba800 2044       4       com.android.dx.rop.code.Rop::hashCode (54 bytes)
Event: 24.681 Thread 0x00007f749c0ba800 nmethod 2044 0x00007f748d6d7ed0 code [0x00007f748d6d8080, 0x00007f748d6d87b8]
Event: 24.681 Thread 0x00007f749c0ba800 2126       4       com.android.dx.dex.code.RopToDop::dopFor (792 bytes)
Event: 24.915 Thread 0x00007f749c0b7800 nmethod 2143 0x00007f748d6c6450 code [0x00007f748d6c65a0, 0x00007f748d6c6648]
Event: 24.915 Thread 0x00007f749c0b7800 2115       4       com.android.dx.ssa.Dominators$DfsWalker::visitBlock (59 bytes)
Event: 24.923 Thread 0x00007f749c0b7800 nmethod 2115 0x00007f748d6d8e50 code [0x00007f748d6d8fe0, 0x00007f748d6d9598]
Event: 24.923 Thread 0x00007f749c0b7800 2025       4       com.android.dx.ssa.SsaRenamer$BlockRenamer::<init> (72 bytes)

GC Heap History (10 events):
Event: 8.877 GC heap after
Heap after GC invocations=2 (full 0):
 PSYoungGen      total 27648K, used 3575K [0x00000000eab00000, 0x00000000ee100000, 0x0000000100000000)
  eden space 24064K, 0% used [0x00000000eab00000,0x00000000eab00000,0x00000000ec280000)
  from space 3584K, 99% used [0x00000000ec600000,0x00000000ec97dd58,0x00000000ec980000)
  to   space 3584K, 0% used [0x00000000ec280000,0x00000000ec280000,0x00000000ec600000)
 ParOldGen       total 62976K, used 2805K [0x00000000c0000000, 0x00000000c3d80000, 0x00000000eab00000)
  object space 62976K, 4% used [0x00000000c0000000,0x00000000c02bd6b0,0x00000000c3d80000)
 Metaspace       used 5686K, capacity 6704K, committed 6784K, reserved 1056768K
  class space    used 574K, capacity 616K, committed 640K, reserved 1048576K
}
Event: 10.334 GC heap before
{Heap before GC invocations=3 (full 0):
 PSYoungGen      total 27648K, used 27639K [0x00000000eab00000, 0x00000000ee100000, 0x0000000100000000)
  eden space 24064K, 100% used [0x00000000eab00000,0x00000000ec280000,0x00000000ec280000)
  from space 3584K, 99% used [0x00000000ec600000,0x00000000ec97dd58,0x00000000ec980000)
  to   space 3584K, 0% used [0x00000000ec280000,0x00000000ec280000,0x00000000ec600000)
 ParOldGen       total 62976K, used 2805K [0x00000000c0000000, 0x00000000c3d80000, 0x00000000eab00000)
  object space 62976K, 4% used [0x00000000c0000000,0x00000000c02bd6b0,0x00000000c3d80000)
 Metaspace       used 5759K, capacity 6768K, committed 7040K, reserved 1056768K
  class space    used 574K, capacity 616K, committed 640K, reserved 1048576K
Event: 10.399 GC heap after
Heap after GC invocations=3 (full 0):
 PSYoungGen      total 27648K, used 3574K [0x00000000eab00000, 0x00000000ee100000, 0x0000000100000000)
  eden space 24064K, 0% used [0x00000000eab00000,0x00000000eab00000,0x00000000ec280000)
  from space 3584K, 99% used [0x00000000ec280000,0x00000000ec5fdb28,0x00000000ec600000)
  to   space 3584K, 0% used [0x00000000edd80000,0x00000000edd80000,0x00000000ee100000)
 ParOldGen       total 62976K, used 6268K [0x00000000c0000000, 0x00000000c3d80000, 0x00000000eab00000)
  object space 62976K, 9% used [0x00000000c0000000,0x00000000c061f350,0x00000000c3d80000)
 Metaspace       used 5759K, capacity 6768K, committed 7040K, reserved 1056768K
  class space    used 574K, capacity 616K, committed 640K, reserved 1048576K
}
Event: 11.310 GC heap before
{Heap before GC invocations=4 (full 0):
 PSYoungGen      total 27648K, used 27638K [0x00000000eab00000, 0x00000000ee100000, 0x0000000100000000)
  eden space 24064K, 100% used [0x00000000eab00000,0x00000000ec280000,0x00000000ec280000)
  from space 3584K, 99% used [0x00000000ec280000,0x00000000ec5fdb28,0x00000000ec600000)
  to   space 3584K, 0% used [0x00000000edd80000,0x00000000edd80000,0x00000000ee100000)
 ParOldGen       total 62976K, used 6268K [0x00000000c0000000, 0x00000000c3d80000, 0x00000000eab00000)
  object space 62976K, 9% used [0x00000000c0000000,0x00000000c061f350,0x00000000c3d80000)
 Metaspace       used 5801K, capacity 6832K, committed 7040K, reserved 1056768K
  class space    used 575K, capacity 616K, committed 640K, reserved 1048576K
Event: 11.440 GC heap after
Heap after GC invocations=4 (full 0):
 PSYoungGen      total 51712K, used 3570K [0x00000000eab00000, 0x00000000ee100000, 0x0000000100000000)
  eden space 48128K, 0% used [0x00000000eab00000,0x00000000eab00000,0x00000000eda00000)
  from space 3584K, 99% used [0x00000000edd80000,0x00000000ee0fc8c8,0x00000000ee100000)
  to   space 3584K, 0% used [0x00000000eda00000,0x00000000eda00000,0x00000000edd80000)
 ParOldGen       total 62976K, used 10370K [0x00000000c0000000, 0x00000000c3d80000, 0x00000000eab00000)
  object space 62976K, 16% used [0x00000000c0000000,0x00000000c0a208e0,0x00000000c3d80000)
 Metaspace       used 5801K, capacity 6832K, committed 7040K, reserved 1056768K
  class space    used 575K, capacity 616K, committed 640K, reserved 1048576K
}
Event: 20.005 GC heap before
{Heap before GC invocations=5 (full 0):
 PSYoungGen      total 51712K, used 51698K [0x00000000eab00000, 0x00000000ee100000, 0x0000000100000000)
  eden space 48128K, 100% used [0x00000000eab00000,0x00000000eda00000,0x00000000eda00000)
  from space 3584K, 99% used [0x00000000edd80000,0x00000000ee0fc8c8,0x00000000ee100000)
  to   space 3584K, 0% used [0x00000000eda00000,0x00000000eda00000,0x00000000edd80000)
 ParOldGen       total 62976K, used 10370K [0x00000000c0000000, 0x00000000c3d80000, 0x00000000eab00000)
  object space 62976K, 16% used [0x00000000c0000000,0x00000000c0a208e0,0x00000000c3d80000)
 Metaspace       used 5876K, capacity 6896K, committed 7040K, reserved 1056768K
  class space    used 575K, capacity 616K, committed 640K, reserved 1048576K
Event: 20.104 GC heap after
Heap after GC invocations=5 (full 0):
 PSYoungGen      total 51712K, used 3560K [0x00000000eab00000, 0x00000000f2100000, 0x0000000100000000)
  eden space 48128K, 0% used [0x00000000eab00000,0x00000000eab00000,0x00000000eda00000)
  from space 3584K, 99% used [0x00000000eda00000,0x00000000edd7a2b8,0x00000000edd80000)
  to   space 12288K, 0% used [0x00000000f1500000,0x00000000f1500000,0x00000000f2100000)
 ParOldGen       total 62976K, used 17794K [0x00000000c0000000, 0x00000000c3d80000, 0x00000000eab00000)
  object space 62976K, 28% used [0x00000000c0000000,0x00000000c1160be0,0x00000000c3d80000)
 Metaspace       used 5876K, capacity 6896K, committed 7040K, reserved 1056768K
  class space    used 575K, capacity 616K, committed 640K, reserved 1048576K
}
Event: 20.646 GC heap before
{Heap before GC invocations=6 (full 0):
 PSYoungGen      total 51712K, used 51688K [0x00000000eab00000, 0x00000000f2100000, 0x0000000100000000)
  eden space 48128K, 100% used [0x00000000eab00000,0x00000000eda00000,0x00000000eda00000)
  from space 3584K, 99% used [0x00000000eda00000,0x00000000edd7a2b8,0x00000000edd80000)
  to   space 12288K, 0% used [0x00000000f1500000,0x00000000f1500000,0x00000000f2100000)
 ParOldGen       total 62976K, used 17794K [0x00000000c0000000, 0x00000000c3d80000, 0x00000000eab00000)
  object space 62976K, 28% used [0x00000000c0000000,0x00000000c1160be0,0x00000000c3d80000)
 Metaspace       used 5946K, capacity 6960K, committed 7040K, reserved 1056768K
  class space    used 575K, capacity 616K, committed 640K, reserved 1048576K
Event: 20.692 GC heap after
Heap after GC invocations=6 (full 0):
 PSYoungGen      total 107520K, used 10476K [0x00000000eab00000, 0x00000000f2300000, 0x0000000100000000)
  eden space 95232K, 0% used [0x00000000eab00000,0x00000000eab00000,0x00000000f0800000)
  from space 12288K, 85% used [0x00000000f1500000,0x00000000f1f3b068,0x00000000f2100000)
  to   space 13312K, 0% used [0x00000000f0800000,0x00000000f0800000,0x00000000f1500000)
 ParOldGen       total 62976K, used 17802K [0x00000000c0000000, 0x00000000c3d80000, 0x00000000eab00000)
  object space 62976K, 28% used [0x00000000c0000000,0x00000000c1162be0,0x00000000c3d80000)
 Metaspace       used 5946K, capacity 6960K, committed 7040K, reserved 1056768K
  class space    used 575K, capacity 616K, committed 640K, reserved 1048576K
}
Event: 25.927 GC heap before
{Heap before GC invocations=7 (full 0):
 PSYoungGen      total 107520K, used 105708K [0x00000000eab00000, 0x00000000f2300000, 0x0000000100000000)
  eden space 95232K, 100% used [0x00000000eab00000,0x00000000f0800000,0x00000000f0800000)
  from space 12288K, 85% used [0x00000000f1500000,0x00000000f1f3b068,0x00000000f2100000)
  to   space 13312K, 0% used [0x00000000f0800000,0x00000000f0800000,0x00000000f1500000)
 ParOldGen       total 62976K, used 17802K [0x00000000c0000000, 0x00000000c3d80000, 0x00000000eab00000)
  object space 62976K, 28% used [0x00000000c0000000,0x00000000c1162be0,0x00000000c3d80000)
 Metaspace       used 6199K, capacity 7152K, committed 7296K, reserved 1056768K
  class space    used 585K, capacity 616K, committed 640K, reserved 1048576K

Deoptimization events (10 events):
Event: 9.743 Thread 0x00007f749c00a000 Uncommon trap: reason=unstable_if action=reinterpret pc=0x00007f748d22a81c method=com.android.dx.rop.cst.Constant.compareTo(Lcom/android/dx/rop/cst/Constant;)I @ 12
Event: 10.181 Thread 0x00007f749c00a000 Uncommon trap: reason=unstable_if action=reinterpret pc=0x00007f748d2d18e8 method=com.android.dx.ssa.SsaRenamer$BlockRenamer.process()V @ 90
Event: 10.747 Thread 0x00007f749c15c800 Uncommon trap: reason=unstable_if action=reinterpret pc=0x00007f748d272e74 method=com.android.dx.rop.code.RegisterSpec.equals(ILcom/android/dx/rop/type/TypeBearer;Lcom/android/dx/rop/code/LocalItem;)Z @ 42
Event: 10.889 Thread 0x00007f749c172800 Uncommon trap: reason=null_check action=make_not_entrant pc=0x00007f748d288834 method=com.android.dx.ssa.SsaRenamer.getLocalForNewReg(I)Lcom/android/dx/rop/code/LocalItem; @ 19
Event: 21.865 Thread 0x00007f749c16c800 Uncommon trap: reason=unstable_if action=reinterpret pc=0x00007f748d5616a0 method=com.android.dx.cf.code.Ropper.labelToResultIndex(I)I @ 34
Event: 21.976 Thread 0x00007f749c16c800 Uncommon trap: reason=unstable_if action=reinterpret pc=0x00007f748d54dd1c method=com.android.dx.cf.code.BaseMachine.getLocalTarget(Z)Lcom/android/dx/rop/code/RegisterSpec; @ 131
Event: 22.108 Thread 0x00007f749c00a000 Uncommon trap: reason=unstable_if action=reinterpret pc=0x00007f748d566b3c method=com.android.dx.ssa.SsaMethod.onSourcesChanged(Lcom/android/dx/ssa/SsaInsn;Lcom/android/dx/rop/code/RegisterSpecList;)V @ 9
Event: 22.112 Thread 0x00007f749c15c800 Uncommon trap: reason=unstable_if action=reinterpret pc=0x00007f748d5570b4 method=com.android.dx.ssa.LocalVariableExtractor.processBlock(I)V @ 251
Event: 22.597 Thread 0x00007f749c00a000 Uncommon trap: reason=unstable_if action=reinterpret pc=0x00007f748d58a958 method=java.util.HashMap.putVal(ILjava/lang/Object;Ljava/lang/Object;ZZ)Ljava/lang/Object; @ 94
Event: 24.214 Thread 0x00007f749c15c800 Uncommon trap: reason=unstable_if action=reinterpret pc=0x00007f748d282d54 method=java.util.HashMap.putVal(ILjava/lang/Object;Ljava/lang/Object;ZZ)Ljava/lang/Object; @ 162

Internal exceptions (4 events):
Event: 0.104 Thread 0x00007f749c00a000 Exception <a 'java/lang/NoSuchMethodError': Method sun.misc.Unsafe.defineClass(Ljava/lang/String;[BII)Ljava/lang/Class; name or signature does not match> (0x00000000eab07cc0) thrown at [/ssd/Android/AOSP-openjdk/external/jetbrains/jdk/hotspot/src/share/vm
Event: 0.105 Thread 0x00007f749c00a000 Exception <a 'java/lang/NoSuchMethodError': Method sun.misc.Unsafe.prefetchRead(Ljava/lang/Object;J)V name or signature does not match> (0x00000000eab07fa8) thrown at [/ssd/Android/AOSP-openjdk/external/jetbrains/jdk/hotspot/src/share/vm/prims/jni.cpp, li
Event: 10.889 Thread 0x00007f749c172800 Implicit null exception at 0x00007f748d2855bd to 0x00007f748d2887f1
Event: 22.108 Thread 0x00007f749c00a000 Implicit null exception at 0x00007f748d56624d to 0x00007f748d566b25

Events (10 events):
Event: 24.640 loading class sun/reflect/generics/tree/TypeSignature
Event: 24.640 loading class sun/reflect/generics/tree/ReturnType
Event: 24.640 loading class sun/reflect/generics/tree/ReturnType done
Event: 24.640 loading class sun/reflect/generics/tree/TypeSignature done
Event: 24.640 loading class sun/reflect/generics/tree/BaseType done
Event: 24.640 loading class sun/reflect/generics/tree/FieldTypeSignature done
Event: 24.640 loading class sun/reflect/generics/tree/SimpleClassTypeSignature done
Event: 24.640 loading class sun/reflect/generics/tree/ClassTypeSignature
Event: 24.641 loading class sun/reflect/generics/tree/ClassTypeSignature done
Event: 24.919 Executing VM operation: ParallelGCFailedAllocation


Dynamic libraries:
00400000-00401000 r-xp 00000000 08:01 1579739                            /opt/android-studio_new/jre/bin/java
00600000-00601000 r--p 00000000 08:01 1579739                            /opt/android-studio_new/jre/bin/java
00601000-00602000 rw-p 00001000 08:01 1579739                            /opt/android-studio_new/jre/bin/java
01794000-017b5000 rw-p 00000000 00:00 0                                  [heap]
c0000000-c3d80000 rw-p 00000000 00:00 0 
c3d80000-eab00000 ---p 00000000 00:00 0 
eab00000-f2300000 rw-p 00000000 00:00 0 
f8f00000-100000000 ---p 00000000 00:00 0 
100000000-1000a0000 rw-p 00000000 00:00 0 
1000a0000-140000000 ---p 00000000 00:00 0 
7f7438000000-7f7438029000 rw-p 00000000 00:00 0 
7f7438029000-7f743c000000 ---p 00000000 00:00 0 
7f7440000000-7f744002d000 rw-p 00000000 00:00 0 
7f744002d000-7f7444000000 ---p 00000000 00:00 0 
7f7444000000-7f7444032000 rw-p 00000000 00:00 0 
7f7444032000-7f7448000000 ---p 00000000 00:00 0 
7f7448000000-7f744803b000 rw-p 00000000 00:00 0 
7f744803b000-7f744c000000 ---p 00000000 00:00 0 
7f744c000000-7f744c021000 rw-p 00000000 00:00 0 
7f744c021000-7f7450000000 ---p 00000000 00:00 0 
7f7450000000-7f7450021000 rw-p 00000000 00:00 0 
7f7450021000-7f7454000000 ---p 00000000 00:00 0 
7f7454000000-7f7454021000 rw-p 00000000 00:00 0 
7f7454021000-7f7458000000 ---p 00000000 00:00 0 
7f7458000000-7f7458686000 rw-p 00000000 00:00 0 
7f7458686000-7f745c000000 ---p 00000000 00:00 0 
7f745c000000-7f745cc24000 rw-p 00000000 00:00 0 
7f745cc24000-7f7460000000 ---p 00000000 00:00 0 
7f74637f8000-7f74637fb000 ---p 00000000 00:00 0 
7f74637fb000-7f74638f9000 rw-p 00000000 00:00 0 
7f74638f9000-7f74638fc000 ---p 00000000 00:00 0 
7f74638fc000-7f74639fa000 rw-p 00000000 00:00 0 
7f74639fa000-7f74639fd000 ---p 00000000 00:00 0 
7f74639fd000-7f7463afb000 rw-p 00000000 00:00 0 
7f7463afb000-7f7463afe000 ---p 00000000 00:00 0 
7f7463afe000-7f7463bfc000 rw-p 00000000 00:00 0 
7f7463bfc000-7f7463bff000 ---p 00000000 00:00 0 
7f7463bff000-7f7463cfd000 rw-p 00000000 00:00 0 
7f7463cfd000-7f7463cfe000 ---p 00000000 00:00 0 
7f7463cfe000-7f7463dfe000 rw-p 00000000 00:00 0 
7f7463dfe000-7f7463e01000 ---p 00000000 00:00 0 
7f7463e01000-7f7463eff000 rw-p 00000000 00:00 0 
7f7463eff000-7f7463f02000 ---p 00000000 00:00 0 
7f7463f02000-7f7464000000 rw-p 00000000 00:00 0 
7f7464000000-7f7464021000 rw-p 00000000 00:00 0 
7f7464021000-7f7468000000 ---p 00000000 00:00 0 
7f7468000000-7f7468baf000 rw-p 00000000 00:00 0 
7f7468baf000-7f746c000000 ---p 00000000 00:00 0 
7f746c000000-7f746c021000 rw-p 00000000 00:00 0 
7f746c021000-7f7470000000 ---p 00000000 00:00 0 
7f7470000000-7f7470021000 rw-p 00000000 00:00 0 
7f7470021000-7f7474000000 ---p 00000000 00:00 0 
7f7474000000-7f7474021000 rw-p 00000000 00:00 0 
7f7474021000-7f7478000000 ---p 00000000 00:00 0 
7f7478000000-7f747827d000 rw-p 00000000 00:00 0 
7f747827d000-7f747c000000 ---p 00000000 00:00 0 
7f747c000000-7f747c021000 rw-p 00000000 00:00 0 
7f747c021000-7f7480000000 ---p 00000000 00:00 0 
7f7480000000-7f7480021000 rw-p 00000000 00:00 0 
7f7480021000-7f7484000000 ---p 00000000 00:00 0 
7f7484000000-7f7484021000 rw-p 00000000 00:00 0 
7f7484021000-7f7488000000 ---p 00000000 00:00 0 
7f74880d2000-7f74880e9000 r--s 00101000 08:01 6689238                    /home/opensourceuser/Documents/AndroidStudioProjects/OneTownOneProduct/app/build/intermediates/exploded-aar/com.android.support/support-v4/24.0.0/jars/classes.jar
7f74880e9000-7f74880ec000 ---p 00000000 00:00 0 
7f74880ec000-7f74881ea000 rw-p 00000000 00:00 0 
7f74881ea000-7f74881ed000 ---p 00000000 00:00 0 
7f74881ed000-7f74882eb000 rw-p 00000000 00:00 0 
7f74882eb000-7f74882ee000 ---p 00000000 00:00 0 
7f74882ee000-7f74883ec000 rw-p 00000000 00:00 0 
7f74883ec000-7f74886c4000 r--p 00000000 08:01 10493107                   /usr/lib/locale/locale-archive
7f74886c4000-7f74886c7000 ---p 00000000 00:00 0 
7f74886c7000-7f74887c5000 rw-p 00000000 00:00 0 
7f74887c5000-7f74887c8000 ---p 00000000 00:00 0 
7f74887c8000-7f74888c6000 rw-p 00000000 00:00 0 
7f74888c6000-7f74888c7000 ---p 00000000 00:00 0 
7f74888c7000-7f7489918000 rw-p 00000000 00:00 0 
7f7489918000-7f7489ae5000 r--s 03bec000 08:01 1579796                    /opt/android-studio_new/jre/jre/lib/rt.jar
7f7489ae5000-7f748a165000 rw-p 00000000 00:00 0 
7f748a165000-7f748a2e5000 ---p 00000000 00:00 0 
7f748a2e5000-7f748c4e5000 rw-p 00000000 00:00 0 
7f748c4e5000-7f748c4e6000 ---p 00000000 00:00 0 
7f748c4e6000-7f748c5e6000 rw-p 00000000 00:00 0 
7f748c5e6000-7f748c5e7000 ---p 00000000 00:00 0 
7f748c5e7000-7f748c6e7000 rw-p 00000000 00:00 0 
7f748c6e7000-7f748c6e8000 ---p 00000000 00:00 0 
7f748c6e8000-7f748c7e8000 rw-p 00000000 00:00 0 
7f748c7e8000-7f748c7e9000 ---p 00000000 00:00 0 
7f748c7e9000-7f748c908000 rw-p 00000000 00:00 0 
7f748c908000-7f748ca3f000 ---p 00000000 00:00 0 
7f748ca3f000-7f748ca5e000 rw-p 00000000 00:00 0 
7f748ca5e000-7f748cb94000 ---p 00000000 00:00 0 
7f748cb94000-7f748cbd1000 rw-p 00000000 00:00 0 
7f748cbd1000-7f748cc3f000 ---p 00000000 00:00 0 
7f748cc3f000-7f748cc5c000 rw-p 00000000 00:00 0 
7f748cc5c000-7f748d000000 ---p 00000000 00:00 0 
7f748d000000-7f748d6e0000 rwxp 00000000 00:00 0 
7f748d6e0000-7f749c000000 ---p 00000000 00:00 0 
7f749c000000-7f749c39f000 rw-p 00000000 00:00 0 
7f749c39f000-7f74a0000000 ---p 00000000 00:00 0 
7f74a0001000-7f74a0010000 r--s 000df000 08:01 3933612                    /home/opensourceuser/Android/Sdk/build-tools/23.0.3/lib/dx.jar
7f74a0010000-7f74a00e9000 rw-p 00000000 00:00 0 
7f74a00e9000-7f74a0103000 r-xp 00000000 08:01 1579823                    /opt/android-studio_new/jre/jre/lib/amd64/libzip.so
7f74a0103000-7f74a0303000 ---p 0001a000 08:01 1579823                    /opt/android-studio_new/jre/jre/lib/amd64/libzip.so
7f74a0303000-7f74a0304000 r--p 0001a000 08:01 1579823                    /opt/android-studio_new/jre/jre/lib/amd64/libzip.so
7f74a0304000-7f74a0305000 rw-p 0001b000 08:01 1579823                    /opt/android-studio_new/jre/jre/lib/amd64/libzip.so
7f74a0305000-7f74a0310000 r-xp 00000000 08:01 7869063                    /lib/x86_64-linux-gnu/libnss_files-2.23.so
7f74a0310000-7f74a050f000 ---p 0000b000 08:01 7869063                    /lib/x86_64-linux-gnu/libnss_files-2.23.so
7f74a050f000-7f74a0510000 r--p 0000a000 08:01 7869063                    /lib/x86_64-linux-gnu/libnss_files-2.23.so
7f74a0510000-7f74a0511000 rw-p 0000b000 08:01 7869063                    /lib/x86_64-linux-gnu/libnss_files-2.23.so
7f74a0511000-7f74a0517000 rw-p 00000000 00:00 0 
7f74a0517000-7f74a0522000 r-xp 00000000 08:01 7869073                    /lib/x86_64-linux-gnu/libnss_nis-2.23.so
7f74a0522000-7f74a0721000 ---p 0000b000 08:01 7869073                    /lib/x86_64-linux-gnu/libnss_nis-2.23.so
7f74a0721000-7f74a0722000 r--p 0000a000 08:01 7869073                    /lib/x86_64-linux-gnu/libnss_nis-2.23.so
7f74a0722000-7f74a0723000 rw-p 0000b000 08:01 7869073                    /lib/x86_64-linux-gnu/libnss_nis-2.23.so
7f74a0723000-7f74a0739000 r-xp 00000000 08:01 7869057                    /lib/x86_64-linux-gnu/libnsl-2.23.so
7f74a0739000-7f74a0938000 ---p 00016000 08:01 7869057                    /lib/x86_64-linux-gnu/libnsl-2.23.so
7f74a0938000-7f74a0939000 r--p 00015000 08:01 7869057                    /lib/x86_64-linux-gnu/libnsl-2.23.so
7f74a0939000-7f74a093a000 rw-p 00016000 08:01 7869057                    /lib/x86_64-linux-gnu/libnsl-2.23.so
7f74a093a000-7f74a093c000 rw-p 00000000 00:00 0 
7f74a093c000-7f74a0944000 r-xp 00000000 08:01 7869059                    /lib/x86_64-linux-gnu/libnss_compat-2.23.so
7f74a0944000-7f74a0b43000 ---p 00008000 08:01 7869059                    /lib/x86_64-linux-gnu/libnss_compat-2.23.so
7f74a0b43000-7f74a0b44000 r--p 00007000 08:01 7869059                    /lib/x86_64-linux-gnu/libnss_compat-2.23.so
7f74a0b44000-7f74a0b45000 rw-p 00008000 08:01 7869059                    /lib/x86_64-linux-gnu/libnss_compat-2.23.so
7f74a0b45000-7f74a0b72000 r-xp 00000000 08:01 1579833                    /opt/android-studio_new/jre/jre/lib/amd64/libjava.so
7f74a0b72000-7f74a0d71000 ---p 0002d000 08:01 1579833                    /opt/android-studio_new/jre/jre/lib/amd64/libjava.so
7f74a0d71000-7f74a0d72000 r--p 0002c000 08:01 1579833                    /opt/android-studio_new/jre/jre/lib/amd64/libjava.so
7f74a0d72000-7f74a0d74000 rw-p 0002d000 08:01 1579833                    /opt/android-studio_new/jre/jre/lib/amd64/libjava.so
7f74a0d74000-7f74a0d84000 r-xp 00000000 08:01 1579849                    /opt/android-studio_new/jre/jre/lib/amd64/libverify.so
7f74a0d84000-7f74a0f83000 ---p 00010000 08:01 1579849                    /opt/android-studio_new/jre/jre/lib/amd64/libverify.so
7f74a0f83000-7f74a0f85000 r--p 0000f000 08:01 1579849                    /opt/android-studio_new/jre/jre/lib/amd64/libverify.so
7f74a0f85000-7f74a0f86000 rw-p 00011000 08:01 1579849                    /opt/android-studio_new/jre/jre/lib/amd64/libverify.so
7f74a0f86000-7f74a0f8d000 r-xp 00000000 08:01 7869118                    /lib/x86_64-linux-gnu/librt-2.23.so
7f74a0f8d000-7f74a118c000 ---p 00007000 08:01 7869118                    /lib/x86_64-linux-gnu/librt-2.23.so
7f74a118c000-7f74a118d000 r--p 00006000 08:01 7869118                    /lib/x86_64-linux-gnu/librt-2.23.so
7f74a118d000-7f74a118e000 rw-p 00007000 08:01 7869118                    /lib/x86_64-linux-gnu/librt-2.23.so
7f74a118e000-7f74a1296000 r-xp 00000000 08:01 7869034                    /lib/x86_64-linux-gnu/libm-2.23.so
7f74a1296000-7f74a1495000 ---p 00108000 08:01 7869034                    /lib/x86_64-linux-gnu/libm-2.23.so
7f74a1495000-7f74a1496000 r--p 00107000 08:01 7869034                    /lib/x86_64-linux-gnu/libm-2.23.so
7f74a1496000-7f74a1497000 rw-p 00108000 08:01 7869034                    /lib/x86_64-linux-gnu/libm-2.23.so
7f74a1497000-7f74a207d000 r-xp 00000000 08:01 1579853                    /opt/android-studio_new/jre/jre/lib/amd64/server/libjvm.so
7f74a207d000-7f74a227d000 ---p 00be6000 08:01 1579853                    /opt/android-studio_new/jre/jre/lib/amd64/server/libjvm.so
7f74a227d000-7f74a231c000 r--p 00be6000 08:01 1579853                    /opt/android-studio_new/jre/jre/lib/amd64/server/libjvm.so
7f74a231c000-7f74a2345000 rw-p 00c85000 08:01 1579853                    /opt/android-studio_new/jre/jre/lib/amd64/server/libjvm.so
7f74a2345000-7f74a2387000 rw-p 00000000 00:00 0 
7f74a2387000-7f74a239f000 r-xp 00000000 08:01 7869110                    /lib/x86_64-linux-gnu/libpthread-2.23.so
7f74a239f000-7f74a259e000 ---p 00018000 08:01 7869110                    /lib/x86_64-linux-gnu/libpthread-2.23.so
7f74a259e000-7f74a259f000 r--p 00017000 08:01 7869110                    /lib/x86_64-linux-gnu/libpthread-2.23.so
7f74a259f000-7f74a25a0000 rw-p 00018000 08:01 7869110                    /lib/x86_64-linux-gnu/libpthread-2.23.so
7f74a25a0000-7f74a25a4000 rw-p 00000000 00:00 0 
7f74a25a4000-7f74a25a7000 r-xp 00000000 08:01 7868988                    /lib/x86_64-linux-gnu/libdl-2.23.so
7f74a25a7000-7f74a27a6000 ---p 00003000 08:01 7868988                    /lib/x86_64-linux-gnu/libdl-2.23.so
7f74a27a6000-7f74a27a7000 r--p 00002000 08:01 7868988                    /lib/x86_64-linux-gnu/libdl-2.23.so
7f74a27a7000-7f74a27a8000 rw-p 00003000 08:01 7868988                    /lib/x86_64-linux-gnu/libdl-2.23.so
7f74a27a8000-7f74a2968000 r-xp 00000000 08:01 7868964                    /lib/x86_64-linux-gnu/libc-2.23.so
7f74a2968000-7f74a2b67000 ---p 001c0000 08:01 7868964                    /lib/x86_64-linux-gnu/libc-2.23.so
7f74a2b67000-7f74a2b6b000 r--p 001bf000 08:01 7868964                    /lib/x86_64-linux-gnu/libc-2.23.so
7f74a2b6b000-7f74a2b6d000 rw-p 001c3000 08:01 7868964                    /lib/x86_64-linux-gnu/libc-2.23.so
7f74a2b6d000-7f74a2b71000 rw-p 00000000 00:00 0 
7f74a2b71000-7f74a2b87000 r-xp 00000000 08:01 1579713                    /opt/android-studio_new/jre/lib/amd64/jli/libjli.so
7f74a2b87000-7f74a2d86000 ---p 00016000 08:01 1579713                    /opt/android-studio_new/jre/lib/amd64/jli/libjli.so
7f74a2d86000-7f74a2d87000 r--p 00015000 08:01 1579713                    /opt/android-studio_new/jre/lib/amd64/jli/libjli.so
7f74a2d87000-7f74a2d88000 rw-p 00016000 08:01 1579713                    /opt/android-studio_new/jre/lib/amd64/jli/libjli.so
7f74a2d88000-7f74a2dae000 r-xp 00000000 08:01 7868936                    /lib/x86_64-linux-gnu/ld-2.23.so
7f74a2db5000-7f74a2e85000 rw-p 00000000 00:00 0 
7f74a2e85000-7f74a2e88000 ---p 00000000 00:00 0 
7f74a2e88000-7f74a2f8a000 rw-p 00000000 00:00 0 
7f74a2f8d000-7f74a2fa1000 rw-p 00000000 00:00 0 
7f74a2fa1000-7f74a2fa9000 rw-s 00000000 08:01 6297265                    /tmp/hsperfdata_root/24560
7f74a2fa9000-7f74a2faa000 rw-p 00000000 00:00 0 
7f74a2faa000-7f74a2fab000 ---p 00000000 00:00 0 
7f74a2fab000-7f74a2fad000 rw-p 00000000 00:00 0 
7f74a2fad000-7f74a2fae000 r--p 00025000 08:01 7868936                    /lib/x86_64-linux-gnu/ld-2.23.so
7f74a2fae000-7f74a2faf000 rw-p 00026000 08:01 7868936                    /lib/x86_64-linux-gnu/ld-2.23.so
7f74a2faf000-7f74a2fb0000 rw-p 00000000 00:00 0 
7ffd35fc5000-7ffd35fe6000 rw-p 00000000 00:00 0                          [stack]
7ffd35ff8000-7ffd35ffa000 r--p 00000000 00:00 0                          [vvar]
7ffd35ffa000-7ffd35ffc000 r-xp 00000000 00:00 0                          [vdso]
ffffffffff600000-ffffffffff601000 r-xp 00000000 00:00 0                  [vsyscall]

VM Arguments:
jvm_args: -Djava.awt.headless=true -Xmx1024M -Dfile.encoding=UTF-8 -Duser.country=PH -Duser.language=en -Duser.variant 
java_command: com.android.dx.command.Main --dex --force-jumbo --num-threads=4 --output /home/opensourceuser/Documents/AndroidStudioProjects/OneTownOneProduct/app/build/intermediates/pre-dexed/debug/com.android.support-support-v4-24.0.0_7e3babf3b5e88d59197849cc5c1249afd01d6736.jar /home/opensourceuser/Documents/AndroidStudioProjects/OneTownOneProduct/app/build/intermediates/exploded-aar/com.android.support/support-v4/24.0.0/jars/classes.jar
java_class_path (initial): /home/opensourceuser/Android/Sdk/build-tools/23.0.3/lib/dx.jar
Launcher Type: SUN_STANDARD

Environment Variables:
JAVA_HOME=/usr/lib/jvm/java-1.8.0-openjdk-amd64
PATH=/usr/local/sbin:/usr/local/bin:/usr/sbin:/usr/bin:/sbin:/bin
USERNAME=root
LD_LIBRARY_PATH=/opt/android-studio_new/bin/.:
SHELL=/bin/bash
DISPLAY=:0

Signal Handlers:
SIGSEGV: [libjvm.so+0x9daac0], sa_mask[0]=11111111011111111101111111111110, sa_flags=SA_RESTART|SA_SIGINFO
SIGBUS: [libjvm.so+0x9daac0], sa_mask[0]=11111111011111111101111111111110, sa_flags=SA_RESTART|SA_SIGINFO
SIGFPE: [libjvm.so+0x840d90], sa_mask[0]=11111111011111111101111111111110, sa_flags=SA_RESTART|SA_SIGINFO
SIGPIPE: [libjvm.so+0x840d90], sa_mask[0]=11111111011111111101111111111110, sa_flags=SA_RESTART|SA_SIGINFO
SIGXFSZ: [libjvm.so+0x840d90], sa_mask[0]=11111111011111111101111111111110, sa_flags=SA_RESTART|SA_SIGINFO
SIGILL: [libjvm.so+0x840d90], sa_mask[0]=11111111011111111101111111111110, sa_flags=SA_RESTART|SA_SIGINFO
SIGUSR1: SIG_DFL, sa_mask[0]=00000000000000000000000000000000, sa_flags=none
SIGUSR2: [libjvm.so+0x840c60], sa_mask[0]=00100000000000000000000000000000, sa_flags=SA_RESTART|SA_SIGINFO
SIGHUP: [libjvm.so+0x840e50], sa_mask[0]=11111111011111111101111111111110, sa_flags=SA_RESTART|SA_SIGINFO
SIGINT: [libjvm.so+0x840e50], sa_mask[0]=11111111011111111101111111111110, sa_flags=SA_RESTART|SA_SIGINFO
SIGTERM: [libjvm.so+0x840e50], sa_mask[0]=11111111011111111101111111111110, sa_flags=SA_RESTART|SA_SIGINFO
SIGQUIT: [libjvm.so+0x840e50], sa_mask[0]=11111111011111111101111111111110, sa_flags=SA_RESTART|SA_SIGINFO


---------------  S Y S T E M  ---------------

OS:DISTRIB_ID=LinuxMint
DISTRIB_RELEASE=18
DISTRIB_CODENAME=sarah
DISTRIB_DESCRIPTION="Linux Mint 18 Sarah"

uname:Linux 4.8.2-040802-generic #201610161339 SMP Sun Oct 16 17:41:46 UTC 2016 x86_64
libc:glibc 2.23 NPTL 2.23 
rlimit: STACK 8192k, CORE 0k, NPROC 23174, NOFILE 65536, AS infinity
load average:18.35 7.60 4.37

/proc/meminfo:
MemTotal:        5974844 kB
MemFree:          359964 kB
MemAvailable:     285236 kB
Buffers:            1312 kB
Cached:           469484 kB
SwapCached:        42692 kB
Active:          3633488 kB
Inactive:         679552 kB
Active(anon):    3611816 kB
Inactive(anon):   645408 kB
Active(file):      21672 kB
Inactive(file):    34144 kB
Unevictable:          40 kB
Mlocked:              40 kB
SwapTotal:       1345532 kB
SwapFree:            408 kB
Dirty:                88 kB
Writeback:             0 kB
AnonPages:       3800972 kB
Mapped:          1344012 kB
Shmem:            414532 kB
Slab:             105624 kB
SReclaimable:      49176 kB
SUnreclaim:        56448 kB
KernelStack:       12208 kB
PageTables:        50548 kB
NFS_Unstable:          0 kB
Bounce:                0 kB
WritebackTmp:          0 kB
CommitLimit:     4332952 kB
Committed_AS:   10707212 kB
VmallocTotal:   34359738367 kB
VmallocUsed:           0 kB
VmallocChunk:          0 kB
HardwareCorrupted:     0 kB
AnonHugePages:         0 kB
ShmemHugePages:        0 kB
ShmemPmdMapped:        0 kB
HugePages_Total:       0
HugePages_Free:        0
HugePages_Rsvd:        0
HugePages_Surp:        0
Hugepagesize:       2048 kB
DirectMap4k:      275708 kB
DirectMap2M:     5879808 kB


CPU:total 4 (2 cores per cpu, 2 threads per core) family 6 model 42 stepping 7, cmov, cx8, fxsr, mmx, sse, sse2, sse3, ssse3, sse4.1, sse4.2, popcnt, avx, clmul, ht, tsc, tscinvbit

/proc/cpuinfo:
processor	: 0
vendor_id	: GenuineIntel
cpu family	: 6
model		: 42
model name	: Intel(R) Core(TM) i3-2348M CPU @ 2.30GHz
stepping	: 7
microcode	: 0x29
cpu MHz		: 999.652
cache size	: 3072 KB
physical id	: 0
siblings	: 4
core id		: 0
cpu cores	: 2
apicid		: 0
initial apicid	: 0
fpu		: yes
fpu_exception	: yes
cpuid level	: 13
wp		: yes
flags		: fpu vme de pse tsc msr pae mce cx8 apic sep mtrr pge mca cmov pat pse36 clflush dts acpi mmx fxsr sse sse2 ss ht tm pbe syscall nx rdtscp lm constant_tsc arch_perfmon pebs bts rep_good nopl xtopology nonstop_tsc aperfmperf eagerfpu pni pclmulqdq dtes64 monitor ds_cpl vmx est tm2 ssse3 cx16 xtpr pdcm pcid sse4_1 sse4_2 x2apic popcnt tsc_deadline_timer xsave avx lahf_lm epb tpr_shadow vnmi flexpriority ept vpid xsaveopt dtherm arat pln pts
bugs		:
bogomips	: 4589.58
clflush size	: 64
cache_alignment	: 64
address sizes	: 36 bits physical, 48 bits virtual
power management:

processor	: 1
vendor_id	: GenuineIntel
cpu family	: 6
model		: 42
model name	: Intel(R) Core(TM) i3-2348M CPU @ 2.30GHz
stepping	: 7
microcode	: 0x29
cpu MHz		: 868.395
cache size	: 3072 KB
physical id	: 0
siblings	: 4
core id		: 0
cpu cores	: 2
apicid		: 1
initial apicid	: 1
fpu		: yes
fpu_exception	: yes
cpuid level	: 13
wp		: yes
flags		: fpu vme de pse tsc msr pae mce cx8 apic sep mtrr pge mca cmov pat pse36 clflush dts acpi mmx fxsr sse sse2 ss ht tm pbe syscall nx rdtscp lm constant_tsc arch_perfmon pebs bts rep_good nopl xtopology nonstop_tsc aperfmperf eagerfpu pni pclmulqdq dtes64 monitor ds_cpl vmx est tm2 ssse3 cx16 xtpr pdcm pcid sse4_1 sse4_2 x2apic popcnt tsc_deadline_timer xsave avx lahf_lm epb tpr_shadow vnmi flexpriority ept vpid xsaveopt dtherm arat pln pts
bugs		:
bogomips	: 4590.83
clflush size	: 64
cache_alignment	: 64
address sizes	: 36 bits physical, 48 bits virtual
power management:

processor	: 2
vendor_id	: GenuineIntel
cpu family	: 6
model		: 42
model name	: Intel(R) Core(TM) i3-2348M CPU @ 2.30GHz
stepping	: 7
microcode	: 0x29
cpu MHz		: 991.088
cache size	: 3072 KB
physical id	: 0
siblings	: 4
core id		: 1
cpu cores	: 2
apicid		: 2
initial apicid	: 2
fpu		: yes
fpu_exception	: yes
cpuid level	: 13
wp		: yes
flags		: fpu vme de pse tsc msr pae mce cx8 apic sep mtrr pge mca cmov pat pse36 clflush dts acpi mmx fxsr sse sse2 ss ht tm pbe syscall nx rdtscp lm constant_tsc arch_perfmon pebs bts rep_good nopl xtopology nonstop_tsc aperfmperf eagerfpu pni pclmulqdq dtes64 monitor ds_cpl vmx est tm2 ssse3 cx16 xtpr pdcm pcid sse4_1 sse4_2 x2apic popcnt tsc_deadline_timer xsave avx lahf_lm epb tpr_shadow vnmi flexpriority ept vpid xsaveopt dtherm arat pln pts
bugs		:
bogomips	: 4590.60
clflush size	: 64
cache_alignment	: 64
address sizes	: 36 bits physical, 48 bits virtual
power management:

processor	: 3
vendor_id	: GenuineIntel
cpu family	: 6
model		: 42
model name	: Intel(R) Core(TM) i3-2348M CPU @ 2.30GHz
stepping	: 7
microcode	: 0x29
cpu MHz		: 1047.521
cache size	: 3072 KB
physical id	: 0
siblings	: 4
core id		: 1
cpu cores	: 2
apicid		: 3
initial apicid	: 3
fpu		: yes
fpu_exception	: yes
cpuid level	: 13
wp		: yes
flags		: fpu vme de pse tsc msr pae mce cx8 apic sep mtrr pge mca cmov pat pse36 clflush dts acpi mmx fxsr sse sse2 ss ht tm pbe syscall nx rdtscp lm constant_tsc arch_perfmon pebs bts rep_good nopl xtopology nonstop_tsc aperfmperf eagerfpu pni pclmulqdq dtes64 monitor ds_cpl vmx est tm2 ssse3 cx16 xtpr pdcm pcid sse4_1 sse4_2 x2apic popcnt tsc_deadline_timer xsave avx lahf_lm epb tpr_shadow vnmi flexpriority ept vpid xsaveopt dtherm arat pln pts
bugs		:
bogomips	: 4590.59
clflush size	: 64
cache_alignment	: 64
address sizes	: 36 bits physical, 48 bits virtual
power management:



Memory: 4k page, physical 5974844k(359964k free), swap 1345532k(408k free)

vm_info: OpenJDK 64-Bit Server VM (25.76-b03) for linux-amd64 JRE (1.8.0_76-release-b03), built on Jun 29 2016 09:39:19 by "builder" with gcc 4.8.4

time: Tue Nov 22 01:05:57 2016
elapsed time: 60 seconds (0d 0h 1m 0s)

